<?xml version="1.0" encoding="UTF-8"?>
<!-- Generated by org.testng.reporters.JUnitXMLReporter -->
<testsuite ignored="0" hostname="LAPTOP-NF596SVF" failures="0" tests="3" name="Default test" time="0.071" errors="0" timestamp="2021-04-13T12:32:52 IST">
  <testcase classname="quickacademy.MavenFirstProject.AppiumTest" name="AppiumFirst" time="0.01"/>
  <testcase classname="quickacademy.MavenFirstProject.AppiumTest" name="AppiumSecond" time="0.0"/>
  <testcase classname="quickacademy.MavenFirstProject.AppiumTest" name="AppiumThird" time="0.001"/>
</testsuite> <!-- Default test -->
