<?xml version="1.0" encoding="UTF-8"?>
<!-- Generated by org.testng.reporters.JUnitXMLReporter -->
<testsuite ignored="0" hostname="LAPTOP-NF596SVF" failures="0" tests="4" name="Test" time="0.05" errors="0" timestamp="2021-04-13T15:09:35 IST">
  <testcase classname="quickacademy.MavenFirstProject.SeleniumTest" name="SeleniumFirst" time="0.007"/>
  <testcase classname="quickacademy.MavenFirstProject.SeleniumTest" name="SeleniumSecond" time="0.001"/>
  <testcase classname="quickacademy.MavenFirstProject.RestAPITest" name="RestAPIFirst" time="0.002"/>
  <testcase classname="quickacademy.MavenFirstProject.RestAPITest" name="RestAPISecond" time="0.0"/>
</testsuite> <!-- Test -->
