<?xml version="1.0" encoding="UTF-8"?>
<testng-results ignored="0" total="4" passed="4" failed="0" skipped="0">
  <reporter-output>
  </reporter-output>
  <suite started-at="2021-04-13T15:09:35 IST" name="Suite" finished-at="2021-04-13T15:09:35 IST" duration-ms="50">
    <groups>
    </groups>
    <test started-at="2021-04-13T15:09:35 IST" name="Test" finished-at="2021-04-13T15:09:35 IST" duration-ms="50">
      <class name="quickacademy.MavenFirstProject.SeleniumTest">
        <test-method signature="SeleniumFirst()[pri:0, instance:quickacademy.MavenFirstProject.SeleniumTest@11c9af63]" started-at="2021-04-13T15:09:35 IST" name="SeleniumFirst" finished-at="2021-04-13T15:09:35 IST" duration-ms="7" status="PASS">
          <reporter-output>
          </reporter-output>
        </test-method> <!-- SeleniumFirst -->
        <test-method signature="SeleniumSecond()[pri:0, instance:quickacademy.MavenFirstProject.SeleniumTest@11c9af63]" started-at="2021-04-13T15:09:35 IST" name="SeleniumSecond" finished-at="2021-04-13T15:09:35 IST" duration-ms="1" status="PASS">
          <reporter-output>
          </reporter-output>
        </test-method> <!-- SeleniumSecond -->
      </class> <!-- quickacademy.MavenFirstProject.SeleniumTest -->
      <class name="quickacademy.MavenFirstProject.RestAPITest">
        <test-method signature="RestAPIFirst()[pri:0, instance:quickacademy.MavenFirstProject.RestAPITest@757acd7b]" started-at="2021-04-13T15:09:35 IST" name="RestAPIFirst" finished-at="2021-04-13T15:09:35 IST" duration-ms="2" status="PASS">
          <reporter-output>
          </reporter-output>
        </test-method> <!-- RestAPIFirst -->
        <test-method signature="RestAPISecond()[pri:0, instance:quickacademy.MavenFirstProject.RestAPITest@757acd7b]" started-at="2021-04-13T15:09:35 IST" name="RestAPISecond" finished-at="2021-04-13T15:09:35 IST" duration-ms="0" status="PASS">
          <reporter-output>
          </reporter-output>
        </test-method> <!-- RestAPISecond -->
      </class> <!-- quickacademy.MavenFirstProject.RestAPITest -->
    </test> <!-- Test -->
  </suite> <!-- Suite -->
</testng-results>
